0 info it worked if it ends with ok
1 verbose cli [ '/Users/MarkLangenhorst/.nvm/versions/node/v7.4.0/bin/node',
1 verbose cli   '/Users/MarkLangenhorst/.nvm/versions/node/v7.4.0/bin/npm',
1 verbose cli   'install',
1 verbose cli   'express-session' ]
2 info using npm@4.0.5
3 info using node@v7.4.0
4 silly loadCurrentTree Starting
5 silly install loadCurrentTree
6 silly install readLocalPackageData
7 silly fetchPackageMetaData express-session@~4.0.5
8 silly fetchNamedPackageData express-session
9 silly mapToRegistry name express-session
10 silly mapToRegistry using default registry
11 silly mapToRegistry registry https://registry.npmjs.org/
12 silly mapToRegistry data Result {
12 silly mapToRegistry   raw: 'express-session',
12 silly mapToRegistry   scope: null,
12 silly mapToRegistry   escapedName: 'express-session',
12 silly mapToRegistry   name: 'express-session',
12 silly mapToRegistry   rawSpec: '',
12 silly mapToRegistry   spec: 'latest',
12 silly mapToRegistry   type: 'tag' }
13 silly mapToRegistry uri https://registry.npmjs.org/express-session
14 verbose request uri https://registry.npmjs.org/express-session
15 verbose request no auth needed
16 info attempt registry request try #1 at 2:08:34 AM
17 verbose request id 162b8433bfbb1367
18 verbose etag "5a597e1f-21096"
19 verbose lastModified Sat, 13 Jan 2018 3:33:51 GMT
20 http request GET https://registry.npmjs.org/express-session
21 http 304 https://registry.npmjs.org/express-session
22 verbose headers { date: 'Mon, 15 Jan 2018 08:08:34 GMT',
22 verbose headers   via: '1.1 varnish',
22 verbose headers   'cache-control': 'max-age=300',
22 verbose headers   etag: '"5a597e1f-21096"',
22 verbose headers   age: '399',
22 verbose headers   connection: 'keep-alive',
22 verbose headers   'x-served-by': 'cache-mdw17339-MDW',
22 verbose headers   'x-cache': 'HIT',
22 verbose headers   'x-cache-hits': '2',
22 verbose headers   'x-timer': 'S1516003714.477500,VS0,VE0',
22 verbose headers   vary: 'Accept-Encoding, Accept' }
23 silly get cb [ 304,
23 silly get   { date: 'Mon, 15 Jan 2018 08:08:34 GMT',
23 silly get     via: '1.1 varnish',
23 silly get     'cache-control': 'max-age=300',
23 silly get     etag: '"5a597e1f-21096"',
23 silly get     age: '399',
23 silly get     connection: 'keep-alive',
23 silly get     'x-served-by': 'cache-mdw17339-MDW',
23 silly get     'x-cache': 'HIT',
23 silly get     'x-cache-hits': '2',
23 silly get     'x-timer': 'S1516003714.477500,VS0,VE0',
23 silly get     vary: 'Accept-Encoding, Accept' } ]
24 verbose etag https://registry.npmjs.org/express-session from cache
25 verbose get saving express-session to /Users/MarkLangenhorst/.npm/registry.npmjs.org/express-session/.cache.json
26 verbose correctMkdir /Users/MarkLangenhorst/.npm correctMkdir not in flight; initializing
27 silly fetchNamedPackageData No valid target from cache, forcing network
28 verbose request uri https://registry.npmjs.org/express-session
29 verbose request no auth needed
30 info attempt registry request try #1 at 2:08:34 AM
31 http request GET https://registry.npmjs.org/express-session
32 http 200 https://registry.npmjs.org/express-session
33 verbose headers { 'content-type': 'application/json; charset=UTF-8',
33 verbose headers   server: 'UploadServer',
33 verbose headers   'cache-control': 'max-age=300',
33 verbose headers   'last-modified': 'Sat, 13 Jan 2018 3:33:51 GMT',
33 verbose headers   etag: '"5a597e1f-21096"',
33 verbose headers   'content-encoding': 'gzip',
33 verbose headers   'content-length': '19366',
33 verbose headers   'accept-ranges': 'bytes',
33 verbose headers   date: 'Mon, 15 Jan 2018 08:08:34 GMT',
33 verbose headers   via: '1.1 varnish',
33 verbose headers   age: '399',
33 verbose headers   connection: 'keep-alive',
33 verbose headers   'x-served-by': 'cache-mdw17339-MDW',
33 verbose headers   'x-cache': 'HIT',
33 verbose headers   'x-cache-hits': '3',
33 verbose headers   'x-timer': 'S1516003715.524090,VS0,VE0',
33 verbose headers   vary: 'Accept-Encoding, Accept' }
34 silly get cb [ 200,
34 silly get   { 'content-type': 'application/json; charset=UTF-8',
34 silly get     server: 'UploadServer',
34 silly get     'cache-control': 'max-age=300',
34 silly get     'last-modified': 'Sat, 13 Jan 2018 3:33:51 GMT',
34 silly get     etag: '"5a597e1f-21096"',
34 silly get     'content-encoding': 'gzip',
34 silly get     'content-length': '19366',
34 silly get     'accept-ranges': 'bytes',
34 silly get     date: 'Mon, 15 Jan 2018 08:08:34 GMT',
34 silly get     via: '1.1 varnish',
34 silly get     age: '399',
34 silly get     connection: 'keep-alive',
34 silly get     'x-served-by': 'cache-mdw17339-MDW',
34 silly get     'x-cache': 'HIT',
34 silly get     'x-cache-hits': '3',
34 silly get     'x-timer': 'S1516003715.524090,VS0,VE0',
34 silly get     vary: 'Accept-Encoding, Accept' } ]
35 verbose get saving express-session to /Users/MarkLangenhorst/.npm/registry.npmjs.org/express-session/.cache.json
36 verbose correctMkdir /Users/MarkLangenhorst/.npm correctMkdir not in flight; initializing
37 silly fetchPackageMetaData Error: No compatible version found: express-session@~4.0.5
37 silly fetchPackageMetaData Valid install targets:
37 silly fetchPackageMetaData 1.15.6, 1.15.5, 1.15.4, 1.15.3, 1.15.2, 1.15.1, 1.15.0, 1.14.2, 1.14.1, 1.14.0, 1.13.0, 1.12.1, 1.12.0, 1.11.3, 1.11.2, 1.11.1, 1.11.0, 1.10.4, 1.10.3, 1.10.2, 1.10.1, 1.10.0, 1.9.3, 1.9.2, 1.9.1, 1.9.0, 1.8.2, 1.8.1, 1.8.0, 1.7.6, 1.7.5, 1.7.4, 1.7.3, 1.7.2, 1.7.1, 1.7.0, 1.6.5, 1.6.4, 1.6.3, 1.6.2, 1.6.1, 1.6.0, 1.5.2, 1.5.1, 1.5.0, 1.4.0, 1.3.1, 1.3.0, 1.2.1, 1.2.0, 1.1.0, 1.0.4, 1.0.3, 1.0.2, 1.0.1, 1.0.0
37 silly fetchPackageMetaData
37 silly fetchPackageMetaData     at pickVersionFromRegistryDocument (/Users/MarkLangenhorst/.nvm/versions/node/v7.4.0/lib/node_modules/npm/lib/fetch-package-metadata.js:178:16)
37 silly fetchPackageMetaData     at /Users/MarkLangenhorst/.nvm/versions/node/v7.4.0/lib/node_modules/npm/node_modules/iferr/index.js:13:50
37 silly fetchPackageMetaData     at /Users/MarkLangenhorst/.nvm/versions/node/v7.4.0/lib/node_modules/npm/lib/utils/pulse-till-done.js:20:8
37 silly fetchPackageMetaData     at saved (/Users/MarkLangenhorst/.nvm/versions/node/v7.4.0/lib/node_modules/npm/lib/cache/caching-client.js:174:7)
37 silly fetchPackageMetaData     at /Users/MarkLangenhorst/.nvm/versions/node/v7.4.0/lib/node_modules/npm/node_modules/graceful-fs/polyfills.js:261:18
37 silly fetchPackageMetaData     at FSReqWrap.oncomplete (fs.js:112:15)
37 silly fetchPackageMetaData  error for express-session@~4.0.5 { Error: No compatible version found: express-session@~4.0.5
37 silly fetchPackageMetaData Valid install targets:
37 silly fetchPackageMetaData 1.15.6, 1.15.5, 1.15.4, 1.15.3, 1.15.2, 1.15.1, 1.15.0, 1.14.2, 1.14.1, 1.14.0, 1.13.0, 1.12.1, 1.12.0, 1.11.3, 1.11.2, 1.11.1, 1.11.0, 1.10.4, 1.10.3, 1.10.2, 1.10.1, 1.10.0, 1.9.3, 1.9.2, 1.9.1, 1.9.0, 1.8.2, 1.8.1, 1.8.0, 1.7.6, 1.7.5, 1.7.4, 1.7.3, 1.7.2, 1.7.1, 1.7.0, 1.6.5, 1.6.4, 1.6.3, 1.6.2, 1.6.1, 1.6.0, 1.5.2, 1.5.1, 1.5.0, 1.4.0, 1.3.1, 1.3.0, 1.2.1, 1.2.0, 1.1.0, 1.0.4, 1.0.3, 1.0.2, 1.0.1, 1.0.0
37 silly fetchPackageMetaData
37 silly fetchPackageMetaData     at pickVersionFromRegistryDocument (/Users/MarkLangenhorst/.nvm/versions/node/v7.4.0/lib/node_modules/npm/lib/fetch-package-metadata.js:178:16)
37 silly fetchPackageMetaData     at /Users/MarkLangenhorst/.nvm/versions/node/v7.4.0/lib/node_modules/npm/node_modules/iferr/index.js:13:50
37 silly fetchPackageMetaData     at /Users/MarkLangenhorst/.nvm/versions/node/v7.4.0/lib/node_modules/npm/lib/utils/pulse-till-done.js:20:8
37 silly fetchPackageMetaData     at saved (/Users/MarkLangenhorst/.nvm/versions/node/v7.4.0/lib/node_modules/npm/lib/cache/caching-client.js:174:7)
37 silly fetchPackageMetaData     at /Users/MarkLangenhorst/.nvm/versions/node/v7.4.0/lib/node_modules/npm/node_modules/graceful-fs/polyfills.js:261:18
37 silly fetchPackageMetaData     at FSReqWrap.oncomplete (fs.js:112:15) code: 'ETARGET' }
38 silly rollbackFailedOptional Starting
39 silly rollbackFailedOptional Finishing
40 silly runTopLevelLifecycles Finishing
41 silly install printInstalled
42 verbose stack Error: No compatible version found: express-session@~4.0.5
42 verbose stack Valid install targets:
42 verbose stack 1.15.6, 1.15.5, 1.15.4, 1.15.3, 1.15.2, 1.15.1, 1.15.0, 1.14.2, 1.14.1, 1.14.0, 1.13.0, 1.12.1, 1.12.0, 1.11.3, 1.11.2, 1.11.1, 1.11.0, 1.10.4, 1.10.3, 1.10.2, 1.10.1, 1.10.0, 1.9.3, 1.9.2, 1.9.1, 1.9.0, 1.8.2, 1.8.1, 1.8.0, 1.7.6, 1.7.5, 1.7.4, 1.7.3, 1.7.2, 1.7.1, 1.7.0, 1.6.5, 1.6.4, 1.6.3, 1.6.2, 1.6.1, 1.6.0, 1.5.2, 1.5.1, 1.5.0, 1.4.0, 1.3.1, 1.3.0, 1.2.1, 1.2.0, 1.1.0, 1.0.4, 1.0.3, 1.0.2, 1.0.1, 1.0.0
42 verbose stack
42 verbose stack     at pickVersionFromRegistryDocument (/Users/MarkLangenhorst/.nvm/versions/node/v7.4.0/lib/node_modules/npm/lib/fetch-package-metadata.js:178:16)
42 verbose stack     at /Users/MarkLangenhorst/.nvm/versions/node/v7.4.0/lib/node_modules/npm/node_modules/iferr/index.js:13:50
42 verbose stack     at /Users/MarkLangenhorst/.nvm/versions/node/v7.4.0/lib/node_modules/npm/lib/utils/pulse-till-done.js:20:8
42 verbose stack     at saved (/Users/MarkLangenhorst/.nvm/versions/node/v7.4.0/lib/node_modules/npm/lib/cache/caching-client.js:174:7)
42 verbose stack     at /Users/MarkLangenhorst/.nvm/versions/node/v7.4.0/lib/node_modules/npm/node_modules/graceful-fs/polyfills.js:261:18
42 verbose stack     at FSReqWrap.oncomplete (fs.js:112:15)
43 verbose cwd /Users/MarkLangenhorst/ML_Portfolio/src
44 error Darwin 17.3.0
45 error argv "/Users/MarkLangenhorst/.nvm/versions/node/v7.4.0/bin/node" "/Users/MarkLangenhorst/.nvm/versions/node/v7.4.0/bin/npm" "install" "express-session"
46 error node v7.4.0
47 error npm  v4.0.5
48 error code ETARGET
49 error notarget No compatible version found: express-session@~4.0.5
49 error notarget Valid install targets:
49 error notarget 1.15.6, 1.15.5, 1.15.4, 1.15.3, 1.15.2, 1.15.1, 1.15.0, 1.14.2, 1.14.1, 1.14.0, 1.13.0, 1.12.1, 1.12.0, 1.11.3, 1.11.2, 1.11.1, 1.11.0, 1.10.4, 1.10.3, 1.10.2, 1.10.1, 1.10.0, 1.9.3, 1.9.2, 1.9.1, 1.9.0, 1.8.2, 1.8.1, 1.8.0, 1.7.6, 1.7.5, 1.7.4, 1.7.3, 1.7.2, 1.7.1, 1.7.0, 1.6.5, 1.6.4, 1.6.3, 1.6.2, 1.6.1, 1.6.0, 1.5.2, 1.5.1, 1.5.0, 1.4.0, 1.3.1, 1.3.0, 1.2.1, 1.2.0, 1.1.0, 1.0.4, 1.0.3, 1.0.2, 1.0.1, 1.0.0
50 error notarget This is most likely not a problem with npm itself.
50 error notarget In most cases you or one of your dependencies are requesting
50 error notarget a package version that doesn't exist.
51 verbose exit [ 1, true ]
